<?xml version="1.0" encoding="UTF-8"?>
<testsuite xmlns:xsi="http://www.w3.org/2001/XMLSchema-instance" xsi:noNamespaceSchemaLocation="https://maven.apache.org/surefire/maven-surefire-plugin/xsd/surefire-test-report.xsd" name="com.example.springbootapplication.demospringboot.model.ItemTest" time="0.001" tests="2" errors="0" skipped="0" failures="0">
  <properties>
    <property name="sun.desktop" value="windows"/>
    <property name="awt.toolkit" value="sun.awt.windows.WToolkit"/>
    <property name="file.encoding.pkg" value="sun.io"/>
    <property name="java.specification.version" value="1.8"/>
    <property name="sun.cpu.isalist" value="amd64"/>
    <property name="sun.jnu.encoding" value="Cp1252"/>
    <property name="java.class.path" value="C:\Workspace\demo-spring-boot\demo-spring-boot-app\target\test-classes;C:\Workspace\demo-spring-boot\demo-spring-boot-app\target\classes;C:\maven-local-repo\org\springframework\boot\spring-boot-starter-webflux\2.0.4.RELEASE\spring-boot-starter-webflux-2.0.4.RELEASE.jar;C:\maven-local-repo\org\springframework\boot\spring-boot-starter\2.0.4.RELEASE\spring-boot-starter-2.0.4.RELEASE.jar;C:\maven-local-repo\org\springframework\boot\spring-boot\2.0.4.RELEASE\spring-boot-2.0.4.RELEASE.jar;C:\maven-local-repo\org\springframework\spring-context\5.0.8.RELEASE\spring-context-5.0.8.RELEASE.jar;C:\maven-local-repo\org\springframework\spring-aop\5.0.8.RELEASE\spring-aop-5.0.8.RELEASE.jar;C:\maven-local-repo\org\springframework\spring-expression\5.0.8.RELEASE\spring-expression-5.0.8.RELEASE.jar;C:\maven-local-repo\org\springframework\boot\spring-boot-autoconfigure\2.0.4.RELEASE\spring-boot-autoconfigure-2.0.4.RELEASE.jar;C:\maven-local-repo\org\springframework\boot\spring-boot-starter-logging\2.0.4.RELEASE\spring-boot-starter-logging-2.0.4.RELEASE.jar;C:\maven-local-repo\ch\qos\logback\logback-classic\1.2.3\logback-classic-1.2.3.jar;C:\maven-local-repo\ch\qos\logback\logback-core\1.2.3\logback-core-1.2.3.jar;C:\maven-local-repo\org\apache\logging\log4j\log4j-to-slf4j\2.10.0\log4j-to-slf4j-2.10.0.jar;C:\maven-local-repo\org\apache\logging\log4j\log4j-api\2.10.0\log4j-api-2.10.0.jar;C:\maven-local-repo\org\slf4j\jul-to-slf4j\1.7.25\jul-to-slf4j-1.7.25.jar;C:\maven-local-repo\javax\annotation\javax.annotation-api\1.3.2\javax.annotation-api-1.3.2.jar;C:\maven-local-repo\org\yaml\snakeyaml\1.19\snakeyaml-1.19.jar;C:\maven-local-repo\org\springframework\boot\spring-boot-starter-json\2.0.4.RELEASE\spring-boot-starter-json-2.0.4.RELEASE.jar;C:\maven-local-repo\com\fasterxml\jackson\core\jackson-databind\2.9.6\jackson-databind-2.9.6.jar;C:\maven-local-repo\com\fasterxml\jackson\core\jackson-annotations\2.9.0\jackson-annotations-2.9.0.jar;C:\maven-local-repo\com\fasterxml\jackson\core\jackson-core\2.9.6\jackson-core-2.9.6.jar;C:\maven-local-repo\com\fasterxml\jackson\datatype\jackson-datatype-jdk8\2.9.6\jackson-datatype-jdk8-2.9.6.jar;C:\maven-local-repo\com\fasterxml\jackson\datatype\jackson-datatype-jsr310\2.9.6\jackson-datatype-jsr310-2.9.6.jar;C:\maven-local-repo\com\fasterxml\jackson\module\jackson-module-parameter-names\2.9.6\jackson-module-parameter-names-2.9.6.jar;C:\maven-local-repo\org\springframework\boot\spring-boot-starter-reactor-netty\2.0.4.RELEASE\spring-boot-starter-reactor-netty-2.0.4.RELEASE.jar;C:\maven-local-repo\io\projectreactor\ipc\reactor-netty\0.7.8.RELEASE\reactor-netty-0.7.8.RELEASE.jar;C:\maven-local-repo\io\netty\netty-codec-http\4.1.27.Final\netty-codec-http-4.1.27.Final.jar;C:\maven-local-repo\io\netty\netty-codec\4.1.27.Final\netty-codec-4.1.27.Final.jar;C:\maven-local-repo\io\netty\netty-handler\4.1.27.Final\netty-handler-4.1.27.Final.jar;C:\maven-local-repo\io\netty\netty-buffer\4.1.27.Final\netty-buffer-4.1.27.Final.jar;C:\maven-local-repo\io\netty\netty-transport\4.1.27.Final\netty-transport-4.1.27.Final.jar;C:\maven-local-repo\io\netty\netty-resolver\4.1.27.Final\netty-resolver-4.1.27.Final.jar;C:\maven-local-repo\io\netty\netty-handler-proxy\4.1.27.Final\netty-handler-proxy-4.1.27.Final.jar;C:\maven-local-repo\io\netty\netty-codec-socks\4.1.27.Final\netty-codec-socks-4.1.27.Final.jar;C:\maven-local-repo\io\netty\netty-transport-native-epoll\4.1.27.Final\netty-transport-native-epoll-4.1.27.Final-linux-x86_64.jar;C:\maven-local-repo\io\netty\netty-common\4.1.27.Final\netty-common-4.1.27.Final.jar;C:\maven-local-repo\io\netty\netty-transport-native-unix-common\4.1.27.Final\netty-transport-native-unix-common-4.1.27.Final.jar;C:\maven-local-repo\org\hibernate\validator\hibernate-validator\6.0.11.Final\hibernate-validator-6.0.11.Final.jar;C:\maven-local-repo\javax\validation\validation-api\2.0.1.Final\validation-api-2.0.1.Final.jar;C:\maven-local-repo\org\jboss\logging\jboss-logging\3.3.2.Final\jboss-logging-3.3.2.Final.jar;C:\maven-local-repo\com\fasterxml\classmate\1.3.4\classmate-1.3.4.jar;C:\maven-local-repo\org\springframework\spring-web\5.0.8.RELEASE\spring-web-5.0.8.RELEASE.jar;C:\maven-local-repo\org\springframework\spring-beans\5.0.8.RELEASE\spring-beans-5.0.8.RELEASE.jar;C:\maven-local-repo\org\springframework\spring-webflux\5.0.8.RELEASE\spring-webflux-5.0.8.RELEASE.jar;C:\maven-local-repo\org\synchronoss\cloud\nio-multipart-parser\1.1.0\nio-multipart-parser-1.1.0.jar;C:\maven-local-repo\org\slf4j\slf4j-api\1.7.25\slf4j-api-1.7.25.jar;C:\maven-local-repo\org\synchronoss\cloud\nio-stream-storage\1.1.3\nio-stream-storage-1.1.3.jar;C:\maven-local-repo\org\springframework\boot\spring-boot-starter-test\2.0.4.RELEASE\spring-boot-starter-test-2.0.4.RELEASE.jar;C:\maven-local-repo\org\springframework\boot\spring-boot-test\2.0.4.RELEASE\spring-boot-test-2.0.4.RELEASE.jar;C:\maven-local-repo\org\springframework\boot\spring-boot-test-autoconfigure\2.0.4.RELEASE\spring-boot-test-autoconfigure-2.0.4.RELEASE.jar;C:\maven-local-repo\com\jayway\jsonpath\json-path\2.4.0\json-path-2.4.0.jar;C:\maven-local-repo\net\minidev\json-smart\2.3\json-smart-2.3.jar;C:\maven-local-repo\net\minidev\accessors-smart\1.2\accessors-smart-1.2.jar;C:\maven-local-repo\org\ow2\asm\asm\5.0.4\asm-5.0.4.jar;C:\maven-local-repo\junit\junit\4.12\junit-4.12.jar;C:\maven-local-repo\org\assertj\assertj-core\3.9.1\assertj-core-3.9.1.jar;C:\maven-local-repo\org\mockito\mockito-core\2.15.0\mockito-core-2.15.0.jar;C:\maven-local-repo\net\bytebuddy\byte-buddy\1.7.11\byte-buddy-1.7.11.jar;C:\maven-local-repo\net\bytebuddy\byte-buddy-agent\1.7.11\byte-buddy-agent-1.7.11.jar;C:\maven-local-repo\org\objenesis\objenesis\2.6\objenesis-2.6.jar;C:\maven-local-repo\org\hamcrest\hamcrest-core\1.3\hamcrest-core-1.3.jar;C:\maven-local-repo\org\hamcrest\hamcrest-library\1.3\hamcrest-library-1.3.jar;C:\maven-local-repo\org\skyscreamer\jsonassert\1.5.0\jsonassert-1.5.0.jar;C:\maven-local-repo\com\vaadin\external\google\android-json\0.0.20131108.vaadin1\android-json-0.0.20131108.vaadin1.jar;C:\maven-local-repo\org\springframework\spring-core\5.0.8.RELEASE\spring-core-5.0.8.RELEASE.jar;C:\maven-local-repo\org\springframework\spring-jcl\5.0.8.RELEASE\spring-jcl-5.0.8.RELEASE.jar;C:\maven-local-repo\org\springframework\spring-test\5.0.8.RELEASE\spring-test-5.0.8.RELEASE.jar;C:\maven-local-repo\org\xmlunit\xmlunit-core\2.5.1\xmlunit-core-2.5.1.jar;C:\maven-local-repo\io\projectreactor\reactor-test\3.1.8.RELEASE\reactor-test-3.1.8.RELEASE.jar;C:\maven-local-repo\io\projectreactor\reactor-core\3.1.8.RELEASE\reactor-core-3.1.8.RELEASE.jar;C:\maven-local-repo\org\reactivestreams\reactive-streams\1.0.2\reactive-streams-1.0.2.jar;"/>
    <property name="java.vm.vendor" value="Oracle Corporation"/>
    <property name="sun.arch.data.model" value="64"/>
    <property name="user.variant" value=""/>
    <property name="java.vendor.url" value="http://java.oracle.com/"/>
    <property name="user.timezone" value=""/>
    <property name="java.vm.specification.version" value="1.8"/>
    <property name="os.name" value="Windows 10"/>
    <property name="user.country" value="NL"/>
    <property name="sun.java.launcher" value="SUN_STANDARD"/>
    <property name="sun.boot.library.path" value="C:\Program Files\Java\jdk1.8.0_131\jre\bin"/>
    <property name="sun.java.command" value="C:\Users\xju21759\AppData\Local\Temp\surefire8575817757971345442\surefirebooter6542145911657701052.jar C:\Users\xju21759\AppData\Local\Temp\surefire8575817757971345442 2018-08-29T08-58-21_654-jvmRun1 surefire4859246321272272672tmp surefire_04454314281257487749tmp"/>
    <property name="surefire.test.class.path" value="C:\Workspace\demo-spring-boot\demo-spring-boot-app\target\test-classes;C:\Workspace\demo-spring-boot\demo-spring-boot-app\target\classes;C:\maven-local-repo\org\springframework\boot\spring-boot-starter-webflux\2.0.4.RELEASE\spring-boot-starter-webflux-2.0.4.RELEASE.jar;C:\maven-local-repo\org\springframework\boot\spring-boot-starter\2.0.4.RELEASE\spring-boot-starter-2.0.4.RELEASE.jar;C:\maven-local-repo\org\springframework\boot\spring-boot\2.0.4.RELEASE\spring-boot-2.0.4.RELEASE.jar;C:\maven-local-repo\org\springframework\spring-context\5.0.8.RELEASE\spring-context-5.0.8.RELEASE.jar;C:\maven-local-repo\org\springframework\spring-aop\5.0.8.RELEASE\spring-aop-5.0.8.RELEASE.jar;C:\maven-local-repo\org\springframework\spring-expression\5.0.8.RELEASE\spring-expression-5.0.8.RELEASE.jar;C:\maven-local-repo\org\springframework\boot\spring-boot-autoconfigure\2.0.4.RELEASE\spring-boot-autoconfigure-2.0.4.RELEASE.jar;C:\maven-local-repo\org\springframework\boot\spring-boot-starter-logging\2.0.4.RELEASE\spring-boot-starter-logging-2.0.4.RELEASE.jar;C:\maven-local-repo\ch\qos\logback\logback-classic\1.2.3\logback-classic-1.2.3.jar;C:\maven-local-repo\ch\qos\logback\logback-core\1.2.3\logback-core-1.2.3.jar;C:\maven-local-repo\org\apache\logging\log4j\log4j-to-slf4j\2.10.0\log4j-to-slf4j-2.10.0.jar;C:\maven-local-repo\org\apache\logging\log4j\log4j-api\2.10.0\log4j-api-2.10.0.jar;C:\maven-local-repo\org\slf4j\jul-to-slf4j\1.7.25\jul-to-slf4j-1.7.25.jar;C:\maven-local-repo\javax\annotation\javax.annotation-api\1.3.2\javax.annotation-api-1.3.2.jar;C:\maven-local-repo\org\yaml\snakeyaml\1.19\snakeyaml-1.19.jar;C:\maven-local-repo\org\springframework\boot\spring-boot-starter-json\2.0.4.RELEASE\spring-boot-starter-json-2.0.4.RELEASE.jar;C:\maven-local-repo\com\fasterxml\jackson\core\jackson-databind\2.9.6\jackson-databind-2.9.6.jar;C:\maven-local-repo\com\fasterxml\jackson\core\jackson-annotations\2.9.0\jackson-annotations-2.9.0.jar;C:\maven-local-repo\com\fasterxml\jackson\core\jackson-core\2.9.6\jackson-core-2.9.6.jar;C:\maven-local-repo\com\fasterxml\jackson\datatype\jackson-datatype-jdk8\2.9.6\jackson-datatype-jdk8-2.9.6.jar;C:\maven-local-repo\com\fasterxml\jackson\datatype\jackson-datatype-jsr310\2.9.6\jackson-datatype-jsr310-2.9.6.jar;C:\maven-local-repo\com\fasterxml\jackson\module\jackson-module-parameter-names\2.9.6\jackson-module-parameter-names-2.9.6.jar;C:\maven-local-repo\org\springframework\boot\spring-boot-starter-reactor-netty\2.0.4.RELEASE\spring-boot-starter-reactor-netty-2.0.4.RELEASE.jar;C:\maven-local-repo\io\projectreactor\ipc\reactor-netty\0.7.8.RELEASE\reactor-netty-0.7.8.RELEASE.jar;C:\maven-local-repo\io\netty\netty-codec-http\4.1.27.Final\netty-codec-http-4.1.27.Final.jar;C:\maven-local-repo\io\netty\netty-codec\4.1.27.Final\netty-codec-4.1.27.Final.jar;C:\maven-local-repo\io\netty\netty-handler\4.1.27.Final\netty-handler-4.1.27.Final.jar;C:\maven-local-repo\io\netty\netty-buffer\4.1.27.Final\netty-buffer-4.1.27.Final.jar;C:\maven-local-repo\io\netty\netty-transport\4.1.27.Final\netty-transport-4.1.27.Final.jar;C:\maven-local-repo\io\netty\netty-resolver\4.1.27.Final\netty-resolver-4.1.27.Final.jar;C:\maven-local-repo\io\netty\netty-handler-proxy\4.1.27.Final\netty-handler-proxy-4.1.27.Final.jar;C:\maven-local-repo\io\netty\netty-codec-socks\4.1.27.Final\netty-codec-socks-4.1.27.Final.jar;C:\maven-local-repo\io\netty\netty-transport-native-epoll\4.1.27.Final\netty-transport-native-epoll-4.1.27.Final-linux-x86_64.jar;C:\maven-local-repo\io\netty\netty-common\4.1.27.Final\netty-common-4.1.27.Final.jar;C:\maven-local-repo\io\netty\netty-transport-native-unix-common\4.1.27.Final\netty-transport-native-unix-common-4.1.27.Final.jar;C:\maven-local-repo\org\hibernate\validator\hibernate-validator\6.0.11.Final\hibernate-validator-6.0.11.Final.jar;C:\maven-local-repo\javax\validation\validation-api\2.0.1.Final\validation-api-2.0.1.Final.jar;C:\maven-local-repo\org\jboss\logging\jboss-logging\3.3.2.Final\jboss-logging-3.3.2.Final.jar;C:\maven-local-repo\com\fasterxml\classmate\1.3.4\classmate-1.3.4.jar;C:\maven-local-repo\org\springframework\spring-web\5.0.8.RELEASE\spring-web-5.0.8.RELEASE.jar;C:\maven-local-repo\org\springframework\spring-beans\5.0.8.RELEASE\spring-beans-5.0.8.RELEASE.jar;C:\maven-local-repo\org\springframework\spring-webflux\5.0.8.RELEASE\spring-webflux-5.0.8.RELEASE.jar;C:\maven-local-repo\org\synchronoss\cloud\nio-multipart-parser\1.1.0\nio-multipart-parser-1.1.0.jar;C:\maven-local-repo\org\slf4j\slf4j-api\1.7.25\slf4j-api-1.7.25.jar;C:\maven-local-repo\org\synchronoss\cloud\nio-stream-storage\1.1.3\nio-stream-storage-1.1.3.jar;C:\maven-local-repo\org\springframework\boot\spring-boot-starter-test\2.0.4.RELEASE\spring-boot-starter-test-2.0.4.RELEASE.jar;C:\maven-local-repo\org\springframework\boot\spring-boot-test\2.0.4.RELEASE\spring-boot-test-2.0.4.RELEASE.jar;C:\maven-local-repo\org\springframework\boot\spring-boot-test-autoconfigure\2.0.4.RELEASE\spring-boot-test-autoconfigure-2.0.4.RELEASE.jar;C:\maven-local-repo\com\jayway\jsonpath\json-path\2.4.0\json-path-2.4.0.jar;C:\maven-local-repo\net\minidev\json-smart\2.3\json-smart-2.3.jar;C:\maven-local-repo\net\minidev\accessors-smart\1.2\accessors-smart-1.2.jar;C:\maven-local-repo\org\ow2\asm\asm\5.0.4\asm-5.0.4.jar;C:\maven-local-repo\junit\junit\4.12\junit-4.12.jar;C:\maven-local-repo\org\assertj\assertj-core\3.9.1\assertj-core-3.9.1.jar;C:\maven-local-repo\org\mockito\mockito-core\2.15.0\mockito-core-2.15.0.jar;C:\maven-local-repo\net\bytebuddy\byte-buddy\1.7.11\byte-buddy-1.7.11.jar;C:\maven-local-repo\net\bytebuddy\byte-buddy-agent\1.7.11\byte-buddy-agent-1.7.11.jar;C:\maven-local-repo\org\objenesis\objenesis\2.6\objenesis-2.6.jar;C:\maven-local-repo\org\hamcrest\hamcrest-core\1.3\hamcrest-core-1.3.jar;C:\maven-local-repo\org\hamcrest\hamcrest-library\1.3\hamcrest-library-1.3.jar;C:\maven-local-repo\org\skyscreamer\jsonassert\1.5.0\jsonassert-1.5.0.jar;C:\maven-local-repo\com\vaadin\external\google\android-json\0.0.20131108.vaadin1\android-json-0.0.20131108.vaadin1.jar;C:\maven-local-repo\org\springframework\spring-core\5.0.8.RELEASE\spring-core-5.0.8.RELEASE.jar;C:\maven-local-repo\org\springframework\spring-jcl\5.0.8.RELEASE\spring-jcl-5.0.8.RELEASE.jar;C:\maven-local-repo\org\springframework\spring-test\5.0.8.RELEASE\spring-test-5.0.8.RELEASE.jar;C:\maven-local-repo\org\xmlunit\xmlunit-core\2.5.1\xmlunit-core-2.5.1.jar;C:\maven-local-repo\io\projectreactor\reactor-test\3.1.8.RELEASE\reactor-test-3.1.8.RELEASE.jar;C:\maven-local-repo\io\projectreactor\reactor-core\3.1.8.RELEASE\reactor-core-3.1.8.RELEASE.jar;C:\maven-local-repo\org\reactivestreams\reactive-streams\1.0.2\reactive-streams-1.0.2.jar;"/>
    <property name="sun.cpu.endian" value="little"/>
    <property name="user.home" value="C:\Users\xju21759"/>
    <property name="user.language" value="nl"/>
    <property name="java.specification.vendor" value="Oracle Corporation"/>
    <property name="java.home" value="C:\Program Files\Java\jdk1.8.0_131\jre"/>
    <property name="basedir" value="C:\Workspace\demo-spring-boot\demo-spring-boot-app"/>
    <property name="file.separator" value="\"/>
    <property name="line.separator" value="&#10;"/>
    <property name="java.vm.specification.vendor" value="Oracle Corporation"/>
    <property name="java.specification.name" value="Java Platform API Specification"/>
    <property name="java.awt.graphicsenv" value="sun.awt.Win32GraphicsEnvironment"/>
    <property name="surefire.real.class.path" value="C:\Users\xju21759\AppData\Local\Temp\surefire8575817757971345442\surefirebooter6542145911657701052.jar"/>
    <property name="sun.boot.class.path" value="C:\Program Files\Java\jdk1.8.0_131\jre\lib\resources.jar;C:\Program Files\Java\jdk1.8.0_131\jre\lib\rt.jar;C:\Program Files\Java\jdk1.8.0_131\jre\lib\sunrsasign.jar;C:\Program Files\Java\jdk1.8.0_131\jre\lib\jsse.jar;C:\Program Files\Java\jdk1.8.0_131\jre\lib\jce.jar;C:\Program Files\Java\jdk1.8.0_131\jre\lib\charsets.jar;C:\Program Files\Java\jdk1.8.0_131\jre\lib\jfr.jar;C:\Program Files\Java\jdk1.8.0_131\jre\classes"/>
    <property name="user.script" value=""/>
    <property name="sun.management.compiler" value="HotSpot 64-Bit Tiered Compilers"/>
    <property name="java.runtime.version" value="1.8.0_131-b11"/>
    <property name="user.name" value="xju21759"/>
    <property name="path.separator" value=";"/>
    <property name="os.version" value="10.0"/>
    <property name="java.endorsed.dirs" value="C:\Program Files\Java\jdk1.8.0_131\jre\lib\endorsed"/>
    <property name="java.runtime.name" value="Java(TM) SE Runtime Environment"/>
    <property name="file.encoding" value="Cp1252"/>
    <property name="java.vm.name" value="Java HotSpot(TM) 64-Bit Server VM"/>
    <property name="localRepository" value="C:\maven-local-repo"/>
    <property name="java.vendor.url.bug" value="http://bugreport.sun.com/bugreport/"/>
    <property name="java.io.tmpdir" value="C:\Users\xju21759\AppData\Local\Temp\"/>
    <property name="java.version" value="1.8.0_131"/>
    <property name="user.dir" value="C:\Workspace\demo-spring-boot\demo-spring-boot-app"/>
    <property name="os.arch" value="amd64"/>
    <property name="java.vm.specification.name" value="Java Virtual Machine Specification"/>
    <property name="java.awt.printerjob" value="sun.awt.windows.WPrinterJob"/>
    <property name="sun.os.patch.level" value=""/>
    <property name="java.library.path" value="C:\Program Files\Java\jdk1.8.0_131\jre\bin;C:\WINDOWS\Sun\Java\bin;C:\WINDOWS\system32;C:\WINDOWS;C:\oraclexe\app\oracle\product\11.2.0\server\bin;;C:\ProgramData\Oracle\Java\javapath;C:\WINDOWS\system32;C:\WINDOWS;C:\WINDOWS\System32\Wbem;C:\WINDOWS\System32\WindowsPowerShell\v1.0\;C:\Program Files\nodejs\;C:\Program Files\Git\cmd;C:\Program Files\Java\jdk1.8.0_131\bin;C:\Users\xju21759\AppData\Local\Microsoft\WindowsApps;C:\Users\xju21759\AppData\Local\atom\bin;C:\Users\xju21759\Downloads\apache-maven-3.5.0-bin\apache-maven-3.5.0\bin;C:\Users\xju21759\AppData\Roaming\npm;."/>
    <property name="java.vm.info" value="mixed mode"/>
    <property name="java.vendor" value="Oracle Corporation"/>
    <property name="java.vm.version" value="25.131-b11"/>
    <property name="java.ext.dirs" value="C:\Program Files\Java\jdk1.8.0_131\jre\lib\ext;C:\WINDOWS\Sun\Java\lib\ext"/>
    <property name="sun.io.unicode.encoding" value="UnicodeLittle"/>
    <property name="java.class.version" value="52.0"/>
  </properties>
  <testcase name="getItem" classname="com.example.springbootapplication.demospringboot.model.ItemTest" time="0"/>
  <testcase name="itemList" classname="com.example.springbootapplication.demospringboot.model.ItemTest" time="0"/>
</testsuite>